Vivado Simulator v2023.2
Copyright 1986-2022 Xilinx, Inc. All Rights Reserved.
Copyright 2022-2023 Advanced Micro Devices, Inc. All Rights Reserved.
Running: /opt/Xilinx/Vivado/2023.2/bin/unwrapped/lnx64.o/xelab --incr --debug typical --relax --mt 8 -L xil_defaultlib -L unisims_ver -L unimacro_ver -L secureip -L xpm --snapshot tb_VGA_behav xil_defaultlib.tb_VGA xil_defaultlib.glbl -log elaborate.log 
Using 8 slave threads.
Starting static elaboration
Pass Through NonSizing Optimizer
Completed static elaboration
Starting simulation data flow analysis
Completed simulation data flow analysis
Time Resolution for simulation is 1ps
Compiling package std.standard
Compiling package std.textio
Compiling package ieee.std_logic_1164
Compiling package ieee.numeric_std
Compiling package unisim.vcomponents
Compiling package ieee.std_logic_arith
Compiling package ieee.std_logic_signed
Compiling package ieee.vital_timing
Compiling package ieee.vital_primitives
Compiling package unisim.vpkg
Compiling module xil_defaultlib.glbl
Compiling architecture bufg_v of entity unisim.BUFG [bufg_default]
Compiling architecture ibuf_v of entity unisim.IBUF [\IBUF(1,9)(1,1)(1,4)(1,7)\]
Compiling architecture mmcme2_adv_v of entity unisim.MMCME2_ADV [\MMCME2_ADV(clkfbout_mult_f=9.12...]
Compiling architecture structure of entity xil_defaultlib.clk_wiz_0_clk_wiz [clk_wiz_0_clk_wiz_default]
Compiling architecture structure of entity xil_defaultlib.clk_wiz_0 [clk_wiz_0_default]
Compiling architecture behavioral of entity xil_defaultlib.VGA_Controller [vga_controller_default]
Compiling architecture behavioral of entity xil_defaultlib.Background_Object [background_object_default]
Compiling architecture behavioral of entity xil_defaultlib.Priority_MUX [priority_mux_default]
Compiling architecture behavioral of entity xil_defaultlib.Player [player_default]
Compiling architecture behavioral of entity xil_defaultlib.Fruit [\Fruit(colortest="111100000000")...]
Compiling architecture behavioral of entity xil_defaultlib.Fruit [\Fruit(id_num=1,rand_vec_start="...]
Compiling architecture behavioral of entity xil_defaultlib.Fruit [\Fruit(id_num=2,rand_vec_start="...]
Compiling architecture behavioral of entity xil_defaultlib.Collision [collision_default]
Compiling architecture behavioral of entity xil_defaultlib.Life_Counter [life_counter_default]
Compiling architecture behavioral of entity xil_defaultlib.TopModule [topmodule_default]
Compiling architecture behavioral of entity xil_defaultlib.tb_vga
Built simulation snapshot tb_VGA_behav
